d:\qt_project\qt_libvlc_videoplay\qt_libvlc_videoplay\x64\debug\mainwindow.obj
d:\qt_project\qt_libvlc_videoplay\qt_libvlc_videoplay\x64\debug\main.obj
d:\qt_project\qt_libvlc_videoplay\qt_libvlc_videoplay\x64\debug\vc143.pdb
d:\qt_project\qt_libvlc_videoplay\qt_libvlc_videoplay\x64\debug\moc_mainwindow.obj
d:\qt_project\qt_libvlc_videoplay\qt_libvlc_videoplay\x64\debug\qrc_mainwindow.obj
d:\qt_project\qt_libvlc_videoplay\x64\debug\qt_libvlc_videoplay.ilk
d:\qt_project\qt_libvlc_videoplay\x64\debug\qt_libvlc_videoplay.exe
d:\qt_project\qt_libvlc_videoplay\x64\debug\qt_libvlc_videoplay.pdb
d:\qt_project\qt_libvlc_videoplay\qt_libvlc_videoplay\x64\debug\moc\moc_mainwindow.cpp
d:\qt_project\qt_libvlc_videoplay\qt_libvlc_videoplay\x64\debug\uic\ui_mainwindow.h
d:\qt_project\qt_libvlc_videoplay\qt_libvlc_videoplay\x64\debug\rcc\qrc_mainwindow.cpp
d:\qt_project\qt_libvlc_videoplay\qt_libvlc_videoplay\x64\debug\qt_libvl.5a3af7d0.tlog\cl.217884.write.1.tlog
d:\qt_project\qt_libvlc_videoplay\qt_libvlc_videoplay\x64\debug\qt_libvl.5a3af7d0.tlog\cl.command.1.tlog
d:\qt_project\qt_libvlc_videoplay\qt_libvlc_videoplay\x64\debug\qt_libvl.5a3af7d0.tlog\cl.items.tlog
d:\qt_project\qt_libvlc_videoplay\qt_libvlc_videoplay\x64\debug\qt_libvl.5a3af7d0.tlog\cl.read.1.tlog
d:\qt_project\qt_libvlc_videoplay\qt_libvlc_videoplay\x64\debug\qt_libvl.5a3af7d0.tlog\link.command.1.tlog
d:\qt_project\qt_libvlc_videoplay\qt_libvlc_videoplay\x64\debug\qt_libvl.5a3af7d0.tlog\link.read.1.tlog
d:\qt_project\qt_libvlc_videoplay\qt_libvlc_videoplay\x64\debug\qt_libvl.5a3af7d0.tlog\link.write.1.tlog
d:\qt_project\qt_libvlc_videoplay\qt_libvlc_videoplay\x64\debug\qt_libvl.5a3af7d0.tlog\moc.read.1u.tlog
d:\qt_project\qt_libvlc_videoplay\qt_libvlc_videoplay\x64\debug\qt_libvl.5a3af7d0.tlog\moc.write.1u.tlog
d:\qt_project\qt_libvlc_videoplay\qt_libvlc_videoplay\x64\debug\qt_libvl.5a3af7d0.tlog\qt_libvlc_videoplay.write.1u.tlog
d:\qt_project\qt_libvlc_videoplay\qt_libvlc_videoplay\x64\debug\qt_libvl.5a3af7d0.tlog\rcc.read.1u.tlog
d:\qt_project\qt_libvlc_videoplay\qt_libvlc_videoplay\x64\debug\qt_libvl.5a3af7d0.tlog\rcc.write.1u.tlog
d:\qt_project\qt_libvlc_videoplay\qt_libvlc_videoplay\x64\debug\qt_libvl.5a3af7d0.tlog\uic.read.1u.tlog
d:\qt_project\qt_libvlc_videoplay\qt_libvlc_videoplay\x64\debug\qt_libvl.5a3af7d0.tlog\uic.write.1u.tlog
